<?xml version="1.0" encoding="UTF-8"?>
<testsuite xmlns:xsi="http://www.w3.org/2001/XMLSchema-instance" xsi:noNamespaceSchemaLocation="https://maven.apache.org/surefire/maven-surefire-plugin/xsd/surefire-test-report.xsd" name="cn.zhougq.base.SpringbootBaseApplicationTests" time="0.288" tests="1" errors="1" skipped="0" failures="0">
  <properties>
[...]
</properties>
  <testcase name="cn.zhougq.base.SpringbootBaseApplicationTests" classname="cn.zhougq.base.SpringbootBaseApplicationTests" time="0.287">
    <error message="Unable to find a @SpringBootConfiguration, you need to use @ContextConfiguration or @SpringBootTest(classes=...) with your test" type="java.lang.IllegalStateException">java.lang.IllegalStateException: Unable to find a @SpringBootConfiguration, you need to use @ContextConfiguration or @SpringBootTest(classes=...) with your test
</error>
    <system-out><![CDATA[14:14:16.554 [main] DEBUG org.springframework.test.context.BootstrapUtils - Instantiating CacheAwareContextLoaderDelegate from class [org.springframework.test.context.cache.DefaultCacheAwareContextLoaderDelegate]
14:14:16.570 [main] DEBUG org.springframework.test.context.BootstrapUtils - Instantiating BootstrapContext using constructor [public org.springframework.test.context.support.DefaultBootstrapContext(java.lang.Class,org.springframework.test.context.CacheAwareContextLoaderDelegate)]
14:14:16.609 [main] DEBUG org.springframework.test.context.BootstrapUtils - Instantiating TestContextBootstrapper for test class [cn.zhougq.base.SpringbootBaseApplicationTests] from class [org.springframework.boot.test.context.SpringBootTestContextBootstrapper]
14:14:16.626 [main] INFO org.springframework.boot.test.context.SpringBootTestContextBootstrapper - Neither @ContextConfiguration nor @ContextHierarchy found for test class [cn.zhougq.base.SpringbootBaseApplicationTests], using SpringBootContextLoader
14:14:16.631 [main] DEBUG org.springframework.test.context.support.AbstractContextLoader - Did not detect default resource location for test class [cn.zhougq.base.SpringbootBaseApplicationTests]: class path resource [cn/zhougq/base/SpringbootBaseApplicationTests-context.xml] does not exist
14:14:16.632 [main] DEBUG org.springframework.test.context.support.AbstractContextLoader - Did not detect default resource location for test class [cn.zhougq.base.SpringbootBaseApplicationTests]: class path resource [cn/zhougq/base/SpringbootBaseApplicationTestsContext.groovy] does not exist
14:14:16.632 [main] INFO org.springframework.test.context.support.AbstractContextLoader - Could not detect default resource locations for test class [cn.zhougq.base.SpringbootBaseApplicationTests]: no resource found for suffixes {-context.xml, Context.groovy}.
14:14:16.633 [main] INFO org.springframework.test.context.support.AnnotationConfigContextLoaderUtils - Could not detect default configuration classes for test class [cn.zhougq.base.SpringbootBaseApplicationTests]: SpringbootBaseApplicationTests does not declare any static, non-private, non-final, nested classes annotated with @Configuration.
14:14:16.671 [main] DEBUG org.springframework.test.context.support.ActiveProfilesUtils - Could not find an 'annotation declaring class' for annotation type [org.springframework.test.context.ActiveProfiles] and class [cn.zhougq.base.SpringbootBaseApplicationTests]
14:14:16.733 [main] DEBUG org.springframework.test.context.BootstrapUtils - Instantiating CacheAwareContextLoaderDelegate from class [org.springframework.test.context.cache.DefaultCacheAwareContextLoaderDelegate]
14:14:16.733 [main] DEBUG org.springframework.test.context.BootstrapUtils - Instantiating BootstrapContext using constructor [public org.springframework.test.context.support.DefaultBootstrapContext(java.lang.Class,org.springframework.test.context.CacheAwareContextLoaderDelegate)]
14:14:16.734 [main] DEBUG org.springframework.test.context.BootstrapUtils - Instantiating TestContextBootstrapper for test class [cn.zhougq.base.SpringbootBaseApplicationTests] from class [org.springframework.boot.test.context.SpringBootTestContextBootstrapper]
14:14:16.734 [main] INFO org.springframework.boot.test.context.SpringBootTestContextBootstrapper - Neither @ContextConfiguration nor @ContextHierarchy found for test class [cn.zhougq.base.SpringbootBaseApplicationTests], using SpringBootContextLoader
14:14:16.734 [main] DEBUG org.springframework.test.context.support.AbstractContextLoader - Did not detect default resource location for test class [cn.zhougq.base.SpringbootBaseApplicationTests]: class path resource [cn/zhougq/base/SpringbootBaseApplicationTests-context.xml] does not exist
14:14:16.735 [main] DEBUG org.springframework.test.context.support.AbstractContextLoader - Did not detect default resource location for test class [cn.zhougq.base.SpringbootBaseApplicationTests]: class path resource [cn/zhougq/base/SpringbootBaseApplicationTestsContext.groovy] does not exist
14:14:16.735 [main] INFO org.springframework.test.context.support.AbstractContextLoader - Could not detect default resource locations for test class [cn.zhougq.base.SpringbootBaseApplicationTests]: no resource found for suffixes {-context.xml, Context.groovy}.
14:14:16.735 [main] INFO org.springframework.test.context.support.AnnotationConfigContextLoaderUtils - Could not detect default configuration classes for test class [cn.zhougq.base.SpringbootBaseApplicationTests]: SpringbootBaseApplicationTests does not declare any static, non-private, non-final, nested classes annotated with @Configuration.
14:14:16.737 [main] DEBUG org.springframework.test.context.support.ActiveProfilesUtils - Could not find an 'annotation declaring class' for annotation type [org.springframework.test.context.ActiveProfiles] and class [cn.zhougq.base.SpringbootBaseApplicationTests]
14:14:16.742 [main] DEBUG org.springframework.test.context.BootstrapUtils - Instantiating CacheAwareContextLoaderDelegate from class [org.springframework.test.context.cache.DefaultCacheAwareContextLoaderDelegate]
14:14:16.743 [main] DEBUG org.springframework.test.context.BootstrapUtils - Instantiating BootstrapContext using constructor [public org.springframework.test.context.support.DefaultBootstrapContext(java.lang.Class,org.springframework.test.context.CacheAwareContextLoaderDelegate)]
14:14:16.743 [main] DEBUG org.springframework.test.context.BootstrapUtils - Instantiating TestContextBootstrapper for test class [cn.zhougq.base.SpringbootBaseApplicationTests] from class [org.springframework.boot.test.context.SpringBootTestContextBootstrapper]
14:14:16.745 [main] INFO org.springframework.boot.test.context.SpringBootTestContextBootstrapper - Neither @ContextConfiguration nor @ContextHierarchy found for test class [cn.zhougq.base.SpringbootBaseApplicationTests], using SpringBootContextLoader
14:14:16.746 [main] DEBUG org.springframework.test.context.support.AbstractContextLoader - Did not detect default resource location for test class [cn.zhougq.base.SpringbootBaseApplicationTests]: class path resource [cn/zhougq/base/SpringbootBaseApplicationTests-context.xml] does not exist
14:14:16.747 [main] DEBUG org.springframework.test.context.support.AbstractContextLoader - Did not detect default resource location for test class [cn.zhougq.base.SpringbootBaseApplicationTests]: class path resource [cn/zhougq/base/SpringbootBaseApplicationTestsContext.groovy] does not exist
14:14:16.747 [main] INFO org.springframework.test.context.support.AbstractContextLoader - Could not detect default resource locations for test class [cn.zhougq.base.SpringbootBaseApplicationTests]: no resource found for suffixes {-context.xml, Context.groovy}.
14:14:16.747 [main] INFO org.springframework.test.context.support.AnnotationConfigContextLoaderUtils - Could not detect default configuration classes for test class [cn.zhougq.base.SpringbootBaseApplicationTests]: SpringbootBaseApplicationTests does not declare any static, non-private, non-final, nested classes annotated with @Configuration.
14:14:16.748 [main] DEBUG org.springframework.test.context.support.ActiveProfilesUtils - Could not find an 'annotation declaring class' for annotation type [org.springframework.test.context.ActiveProfiles] and class [cn.zhougq.base.SpringbootBaseApplicationTests]
]]></system-out>
  </testcase>
</testsuite>